Analysis & Synthesis report for spi_flash_read
Tue Sep 03 18:05:21 2024
Quartus II 64-Bit Version 13.1.0 Build 162 10/23/2013 SJ Full Version


---------------------
; Table of Contents ;
---------------------
  1. Legal Notice
  2. Analysis & Synthesis Summary
  3. Analysis & Synthesis Settings
  4. Parallel Compilation
  5. Analysis & Synthesis Source Files Read
  6. Analysis & Synthesis Resource Usage Summary
  7. Analysis & Synthesis Resource Utilization by Entity
  8. Analysis & Synthesis RAM Summary
  9. Analysis & Synthesis IP Cores Summary
 10. State Machine - |spi_flash_read|flash_read_ctrl:flash_read_ctrl_inst|state
 11. Registers Removed During Synthesis
 12. General Register Statistics
 13. Inverted Register Statistics
 14. Multiplexer Restructuring Statistics (Restructuring Performed)
 15. Source assignments for flash_read_ctrl:flash_read_ctrl_inst|fifo_data:fifo_data_inst|scfifo:scfifo_component|scfifo_bl21:auto_generated|a_dpfifo_ir21:dpfifo|dpram_4711:FIFOram|altsyncram_q0k1:altsyncram1
 16. Parameter Settings for User Entity Instance: Top-level Entity: |spi_flash_read
 17. Parameter Settings for User Entity Instance: key_filter:key_filter_inst
 18. Parameter Settings for User Entity Instance: flash_read_ctrl:flash_read_ctrl_inst
 19. Parameter Settings for User Entity Instance: flash_read_ctrl:flash_read_ctrl_inst|fifo_data:fifo_data_inst|scfifo:scfifo_component
 20. Parameter Settings for User Entity Instance: uart_tx:uart_tx_inst
 21. scfifo Parameter Settings by Entity Instance
 22. Elapsed Time Per Partition
 23. Analysis & Synthesis Messages



----------------
; Legal Notice ;
----------------
Copyright (C) 1991-2013 Altera Corporation
Your use of Altera Corporation's design tools, logic functions 
and other software and tools, and its AMPP partner logic 
functions, and any output files from any of the foregoing 
(including device programming or simulation files), and any 
associated documentation or information are expressly subject 
to the terms and conditions of the Altera Program License 
Subscription Agreement, Altera MegaCore Function License 
Agreement, or other applicable license agreement, including, 
without limitation, that your use is for the sole purpose of 
programming logic devices manufactured by Altera and sold by 
Altera or its authorized distributors.  Please refer to the 
applicable agreement for further details.



+----------------------------------------------------------------------------------+
; Analysis & Synthesis Summary                                                     ;
+------------------------------------+---------------------------------------------+
; Analysis & Synthesis Status        ; Successful - Tue Sep 03 18:05:21 2024       ;
; Quartus II 64-Bit Version          ; 13.1.0 Build 162 10/23/2013 SJ Full Version ;
; Revision Name                      ; spi_flash_read                              ;
; Top-level Entity Name              ; spi_flash_read                              ;
; Family                             ; Cyclone IV E                                ;
; Total logic elements               ; 221                                         ;
;     Total combinational functions  ; 203                                         ;
;     Dedicated logic registers      ; 143                                         ;
; Total registers                    ; 143                                         ;
; Total pins                         ; 8                                           ;
; Total virtual pins                 ; 0                                           ;
; Total memory bits                  ; 2,048                                       ;
; Embedded Multiplier 9-bit elements ; 0                                           ;
; Total PLLs                         ; 0                                           ;
+------------------------------------+---------------------------------------------+


+----------------------------------------------------------------------------------------------------------------------+
; Analysis & Synthesis Settings                                                                                        ;
+----------------------------------------------------------------------------+--------------------+--------------------+
; Option                                                                     ; Setting            ; Default Value      ;
+----------------------------------------------------------------------------+--------------------+--------------------+
; Device                                                                     ; EP4CE6E22C8        ;                    ;
; Top-level entity name                                                      ; spi_flash_read     ; spi_flash_read     ;
; Family name                                                                ; Cyclone IV E       ; Cyclone IV GX      ;
; Use smart compilation                                                      ; Off                ; Off                ;
; Enable parallel Assembler and TimeQuest Timing Analyzer during compilation ; On                 ; On                 ;
; Enable compact report table                                                ; Off                ; Off                ;
; Restructure Multiplexers                                                   ; Auto               ; Auto               ;
; Create Debugging Nodes for IP Cores                                        ; Off                ; Off                ;
; Preserve fewer node names                                                  ; On                 ; On                 ;
; Disable OpenCore Plus hardware evaluation                                  ; Off                ; Off                ;
; Verilog Version                                                            ; Verilog_2001       ; Verilog_2001       ;
; VHDL Version                                                               ; VHDL_1993          ; VHDL_1993          ;
; State Machine Processing                                                   ; Auto               ; Auto               ;
; Safe State Machine                                                         ; Off                ; Off                ;
; Extract Verilog State Machines                                             ; On                 ; On                 ;
; Extract VHDL State Machines                                                ; On                 ; On                 ;
; Ignore Verilog initial constructs                                          ; Off                ; Off                ;
; Iteration limit for constant Verilog loops                                 ; 5000               ; 5000               ;
; Iteration limit for non-constant Verilog loops                             ; 250                ; 250                ;
; Add Pass-Through Logic to Inferred RAMs                                    ; On                 ; On                 ;
; Infer RAMs from Raw Logic                                                  ; On                 ; On                 ;
; Parallel Synthesis                                                         ; On                 ; On                 ;
; DSP Block Balancing                                                        ; Auto               ; Auto               ;
; NOT Gate Push-Back                                                         ; On                 ; On                 ;
; Power-Up Don't Care                                                        ; On                 ; On                 ;
; Remove Redundant Logic Cells                                               ; Off                ; Off                ;
; Remove Duplicate Registers                                                 ; On                 ; On                 ;
; Ignore CARRY Buffers                                                       ; Off                ; Off                ;
; Ignore CASCADE Buffers                                                     ; Off                ; Off                ;
; Ignore GLOBAL Buffers                                                      ; Off                ; Off                ;
; Ignore ROW GLOBAL Buffers                                                  ; Off                ; Off                ;
; Ignore LCELL Buffers                                                       ; Off                ; Off                ;
; Ignore SOFT Buffers                                                        ; On                 ; On                 ;
; Limit AHDL Integers to 32 Bits                                             ; Off                ; Off                ;
; Optimization Technique                                                     ; Balanced           ; Balanced           ;
; Carry Chain Length                                                         ; 70                 ; 70                 ;
; Auto Carry Chains                                                          ; On                 ; On                 ;
; Auto Open-Drain Pins                                                       ; On                 ; On                 ;
; Perform WYSIWYG Primitive Resynthesis                                      ; Off                ; Off                ;
; Auto ROM Replacement                                                       ; On                 ; On                 ;
; Auto RAM Replacement                                                       ; On                 ; On                 ;
; Auto DSP Block Replacement                                                 ; On                 ; On                 ;
; Auto Shift Register Replacement                                            ; Auto               ; Auto               ;
; Allow Shift Register Merging across Hierarchies                            ; Auto               ; Auto               ;
; Auto Clock Enable Replacement                                              ; On                 ; On                 ;
; Strict RAM Replacement                                                     ; Off                ; Off                ;
; Allow Synchronous Control Signals                                          ; On                 ; On                 ;
; Force Use of Synchronous Clear Signals                                     ; Off                ; Off                ;
; Auto RAM Block Balancing                                                   ; On                 ; On                 ;
; Auto RAM to Logic Cell Conversion                                          ; Off                ; Off                ;
; Auto Resource Sharing                                                      ; Off                ; Off                ;
; Allow Any RAM Size For Recognition                                         ; Off                ; Off                ;
; Allow Any ROM Size For Recognition                                         ; Off                ; Off                ;
; Allow Any Shift Register Size For Recognition                              ; Off                ; Off                ;
; Use LogicLock Constraints during Resource Balancing                        ; On                 ; On                 ;
; Ignore translate_off and synthesis_off directives                          ; Off                ; Off                ;
; Timing-Driven Synthesis                                                    ; On                 ; On                 ;
; Report Parameter Settings                                                  ; On                 ; On                 ;
; Report Source Assignments                                                  ; On                 ; On                 ;
; Report Connectivity Checks                                                 ; On                 ; On                 ;
; Ignore Maximum Fan-Out Assignments                                         ; Off                ; Off                ;
; Synchronization Register Chain Length                                      ; 2                  ; 2                  ;
; PowerPlay Power Optimization                                               ; Normal compilation ; Normal compilation ;
; HDL message level                                                          ; Level2             ; Level2             ;
; Suppress Register Optimization Related Messages                            ; Off                ; Off                ;
; Number of Removed Registers Reported in Synthesis Report                   ; 5000               ; 5000               ;
; Number of Swept Nodes Reported in Synthesis Report                         ; 5000               ; 5000               ;
; Number of Inverted Registers Reported in Synthesis Report                  ; 100                ; 100                ;
; Clock MUX Protection                                                       ; On                 ; On                 ;
; Auto Gated Clock Conversion                                                ; Off                ; Off                ;
; Block Design Naming                                                        ; Auto               ; Auto               ;
; SDC constraint protection                                                  ; Off                ; Off                ;
; Synthesis Effort                                                           ; Auto               ; Auto               ;
; Shift Register Replacement - Allow Asynchronous Clear Signal               ; On                 ; On                 ;
; Pre-Mapping Resynthesis Optimization                                       ; Off                ; Off                ;
; Analysis & Synthesis Message Level                                         ; Medium             ; Medium             ;
; Disable Register Merging Across Hierarchies                                ; Auto               ; Auto               ;
; Resource Aware Inference For Block RAM                                     ; On                 ; On                 ;
; Synthesis Seed                                                             ; 1                  ; 1                  ;
+----------------------------------------------------------------------------+--------------------+--------------------+


+------------------------------------------+
; Parallel Compilation                     ;
+----------------------------+-------------+
; Processors                 ; Number      ;
+----------------------------+-------------+
; Number detected on machine ; 32          ;
; Maximum allowed            ; 16          ;
;                            ;             ;
; Average used               ; 1.00        ;
; Maximum used               ; 1           ;
;                            ;             ;
; Usage by Processor         ; % Time Used ;
;     Processor 1            ; 100.0%      ;
;     Processors 2-32        ;   0.0%      ;
+----------------------------+-------------+


+--------------------------------------------------------------------------------------------------------------------------------------------------------------------------------+
; Analysis & Synthesis Source Files Read                                                                                                                                         ;
+----------------------------------+-----------------+------------------------------+----------------------------------------------------------------------------------+---------+
; File Name with User-Entered Path ; Used in Netlist ; File Type                    ; File Name with Absolute Path                                                     ; Library ;
+----------------------------------+-----------------+------------------------------+----------------------------------------------------------------------------------+---------+
; ../rtl/key_filter.v              ; yes             ; User Verilog HDL File        ; C:/Users/Administrator/Desktop/spi_flash_read/rtl/key_filter.v                   ;         ;
; ../rtl/uart_tx.v                 ; yes             ; User Verilog HDL File        ; C:/Users/Administrator/Desktop/spi_flash_read/rtl/uart_tx.v                      ;         ;
; ../rtl/spi_flash_read.v          ; yes             ; User Verilog HDL File        ; C:/Users/Administrator/Desktop/spi_flash_read/rtl/spi_flash_read.v               ;         ;
; ../rtl/flash_read_ctrl.v         ; yes             ; User Verilog HDL File        ; C:/Users/Administrator/Desktop/spi_flash_read/rtl/flash_read_ctrl.v              ;         ;
; ip_core/fifo_data.v              ; yes             ; User Wizard-Generated File   ; C:/Users/Administrator/Desktop/spi_flash_read/quartus_prj/ip_core/fifo_data.v    ;         ;
; scfifo.tdf                       ; yes             ; Megafunction                 ; c:/altera/13.1/quartus/libraries/megafunctions/scfifo.tdf                        ;         ;
; a_regfifo.inc                    ; yes             ; Megafunction                 ; c:/altera/13.1/quartus/libraries/megafunctions/a_regfifo.inc                     ;         ;
; a_dpfifo.inc                     ; yes             ; Megafunction                 ; c:/altera/13.1/quartus/libraries/megafunctions/a_dpfifo.inc                      ;         ;
; a_i2fifo.inc                     ; yes             ; Megafunction                 ; c:/altera/13.1/quartus/libraries/megafunctions/a_i2fifo.inc                      ;         ;
; a_fffifo.inc                     ; yes             ; Megafunction                 ; c:/altera/13.1/quartus/libraries/megafunctions/a_fffifo.inc                      ;         ;
; a_f2fifo.inc                     ; yes             ; Megafunction                 ; c:/altera/13.1/quartus/libraries/megafunctions/a_f2fifo.inc                      ;         ;
; aglobal131.inc                   ; yes             ; Megafunction                 ; c:/altera/13.1/quartus/libraries/megafunctions/aglobal131.inc                    ;         ;
; db/scfifo_bl21.tdf               ; yes             ; Auto-Generated Megafunction  ; C:/Users/Administrator/Desktop/spi_flash_read/quartus_prj/db/scfifo_bl21.tdf     ;         ;
; db/a_dpfifo_ir21.tdf             ; yes             ; Auto-Generated Megafunction  ; C:/Users/Administrator/Desktop/spi_flash_read/quartus_prj/db/a_dpfifo_ir21.tdf   ;         ;
; db/a_fefifo_08f.tdf              ; yes             ; Auto-Generated Megafunction  ; C:/Users/Administrator/Desktop/spi_flash_read/quartus_prj/db/a_fefifo_08f.tdf    ;         ;
; db/cntr_fo7.tdf                  ; yes             ; Auto-Generated Megafunction  ; C:/Users/Administrator/Desktop/spi_flash_read/quartus_prj/db/cntr_fo7.tdf        ;         ;
; db/dpram_4711.tdf                ; yes             ; Auto-Generated Megafunction  ; C:/Users/Administrator/Desktop/spi_flash_read/quartus_prj/db/dpram_4711.tdf      ;         ;
; db/altsyncram_q0k1.tdf           ; yes             ; Auto-Generated Megafunction  ; C:/Users/Administrator/Desktop/spi_flash_read/quartus_prj/db/altsyncram_q0k1.tdf ;         ;
; db/cntr_3ob.tdf                  ; yes             ; Auto-Generated Megafunction  ; C:/Users/Administrator/Desktop/spi_flash_read/quartus_prj/db/cntr_3ob.tdf        ;         ;
+----------------------------------+-----------------+------------------------------+----------------------------------------------------------------------------------+---------+


+-------------------------------------------------------------+
; Analysis & Synthesis Resource Usage Summary                 ;
+---------------------------------------------+---------------+
; Resource                                    ; Usage         ;
+---------------------------------------------+---------------+
; Estimated Total logic elements              ; 221           ;
;                                             ;               ;
; Total combinational functions               ; 203           ;
; Logic element usage by number of LUT inputs ;               ;
;     -- 4 input functions                    ; 76            ;
;     -- 3 input functions                    ; 24            ;
;     -- <=2 input functions                  ; 103           ;
;                                             ;               ;
; Logic elements by mode                      ;               ;
;     -- normal mode                          ; 111           ;
;     -- arithmetic mode                      ; 92            ;
;                                             ;               ;
; Total registers                             ; 143           ;
;     -- Dedicated logic registers            ; 143           ;
;     -- I/O registers                        ; 0             ;
;                                             ;               ;
; I/O pins                                    ; 8             ;
; Total memory bits                           ; 2048          ;
; Embedded Multiplier 9-bit elements          ; 0             ;
; Maximum fan-out node                        ; sys_clk~input ;
; Maximum fan-out                             ; 151           ;
; Total fan-out                               ; 1269          ;
; Average fan-out                             ; 3.43          ;
+---------------------------------------------+---------------+


+--------------------------------------------------------------------------------------------------------------------------------------------------------------------------------------------------------------------------------------------------------------------------------------------------------------------------------------------------------------------------------------+
; Analysis & Synthesis Resource Utilization by Entity                                                                                                                                                                                                                                                                                                                                  ;
+----------------------------------------------------+-------------------+--------------+-------------+--------------+---------+-----------+------+--------------+------------------------------------------------------------------------------------------------------------------------------------------------------------------------------------------------------+--------------+
; Compilation Hierarchy Node                         ; LC Combinationals ; LC Registers ; Memory Bits ; DSP Elements ; DSP 9x9 ; DSP 18x18 ; Pins ; Virtual Pins ; Full Hierarchy Name                                                                                                                                                                                  ; Library Name ;
+----------------------------------------------------+-------------------+--------------+-------------+--------------+---------+-----------+------+--------------+------------------------------------------------------------------------------------------------------------------------------------------------------------------------------------------------------+--------------+
; |spi_flash_read                                    ; 203 (0)           ; 143 (0)      ; 2048        ; 0            ; 0       ; 0         ; 8    ; 0            ; |spi_flash_read                                                                                                                                                                                      ; work         ;
;    |flash_read_ctrl:flash_read_ctrl_inst|          ; 137 (103)         ; 102 (76)     ; 2048        ; 0            ; 0       ; 0         ; 0    ; 0            ; |spi_flash_read|flash_read_ctrl:flash_read_ctrl_inst                                                                                                                                                 ; work         ;
;       |fifo_data:fifo_data_inst|                   ; 34 (0)            ; 26 (0)       ; 2048        ; 0            ; 0       ; 0         ; 0    ; 0            ; |spi_flash_read|flash_read_ctrl:flash_read_ctrl_inst|fifo_data:fifo_data_inst                                                                                                                        ; work         ;
;          |scfifo:scfifo_component|                 ; 34 (0)            ; 26 (0)       ; 2048        ; 0            ; 0       ; 0         ; 0    ; 0            ; |spi_flash_read|flash_read_ctrl:flash_read_ctrl_inst|fifo_data:fifo_data_inst|scfifo:scfifo_component                                                                                                ; work         ;
;             |scfifo_bl21:auto_generated|           ; 34 (0)            ; 26 (0)       ; 2048        ; 0            ; 0       ; 0         ; 0    ; 0            ; |spi_flash_read|flash_read_ctrl:flash_read_ctrl_inst|fifo_data:fifo_data_inst|scfifo:scfifo_component|scfifo_bl21:auto_generated                                                                     ; work         ;
;                |a_dpfifo_ir21:dpfifo|              ; 34 (2)            ; 26 (0)       ; 2048        ; 0            ; 0       ; 0         ; 0    ; 0            ; |spi_flash_read|flash_read_ctrl:flash_read_ctrl_inst|fifo_data:fifo_data_inst|scfifo:scfifo_component|scfifo_bl21:auto_generated|a_dpfifo_ir21:dpfifo                                                ; work         ;
;                   |a_fefifo_08f:fifo_state|        ; 16 (8)            ; 10 (2)       ; 0           ; 0            ; 0       ; 0         ; 0    ; 0            ; |spi_flash_read|flash_read_ctrl:flash_read_ctrl_inst|fifo_data:fifo_data_inst|scfifo:scfifo_component|scfifo_bl21:auto_generated|a_dpfifo_ir21:dpfifo|a_fefifo_08f:fifo_state                        ; work         ;
;                      |cntr_fo7:count_usedw|        ; 8 (8)             ; 8 (8)        ; 0           ; 0            ; 0       ; 0         ; 0    ; 0            ; |spi_flash_read|flash_read_ctrl:flash_read_ctrl_inst|fifo_data:fifo_data_inst|scfifo:scfifo_component|scfifo_bl21:auto_generated|a_dpfifo_ir21:dpfifo|a_fefifo_08f:fifo_state|cntr_fo7:count_usedw   ; work         ;
;                   |cntr_3ob:rd_ptr_count|          ; 8 (8)             ; 8 (8)        ; 0           ; 0            ; 0       ; 0         ; 0    ; 0            ; |spi_flash_read|flash_read_ctrl:flash_read_ctrl_inst|fifo_data:fifo_data_inst|scfifo:scfifo_component|scfifo_bl21:auto_generated|a_dpfifo_ir21:dpfifo|cntr_3ob:rd_ptr_count                          ; work         ;
;                   |cntr_3ob:wr_ptr|                ; 8 (8)             ; 8 (8)        ; 0           ; 0            ; 0       ; 0         ; 0    ; 0            ; |spi_flash_read|flash_read_ctrl:flash_read_ctrl_inst|fifo_data:fifo_data_inst|scfifo:scfifo_component|scfifo_bl21:auto_generated|a_dpfifo_ir21:dpfifo|cntr_3ob:wr_ptr                                ; work         ;
;                   |dpram_4711:FIFOram|             ; 0 (0)             ; 0 (0)        ; 2048        ; 0            ; 0       ; 0         ; 0    ; 0            ; |spi_flash_read|flash_read_ctrl:flash_read_ctrl_inst|fifo_data:fifo_data_inst|scfifo:scfifo_component|scfifo_bl21:auto_generated|a_dpfifo_ir21:dpfifo|dpram_4711:FIFOram                             ; work         ;
;                      |altsyncram_q0k1:altsyncram1| ; 0 (0)             ; 0 (0)        ; 2048        ; 0            ; 0       ; 0         ; 0    ; 0            ; |spi_flash_read|flash_read_ctrl:flash_read_ctrl_inst|fifo_data:fifo_data_inst|scfifo:scfifo_component|scfifo_bl21:auto_generated|a_dpfifo_ir21:dpfifo|dpram_4711:FIFOram|altsyncram_q0k1:altsyncram1 ; work         ;
;    |key_filter:key_filter_inst|                    ; 28 (28)           ; 21 (21)      ; 0           ; 0            ; 0       ; 0         ; 0    ; 0            ; |spi_flash_read|key_filter:key_filter_inst                                                                                                                                                           ; work         ;
;    |uart_tx:uart_tx_inst|                          ; 38 (38)           ; 20 (20)      ; 0           ; 0            ; 0       ; 0         ; 0    ; 0            ; |spi_flash_read|uart_tx:uart_tx_inst                                                                                                                                                                 ; work         ;
+----------------------------------------------------+-------------------+--------------+-------------+--------------+---------+-----------+------+--------------+------------------------------------------------------------------------------------------------------------------------------------------------------------------------------------------------------+--------------+
Note: For table entries with two numbers listed, the numbers in parentheses indicate the number of resources of the given type used by the specific entity alone. The numbers listed outside of parentheses indicate the total resources of the given type used by the specific entity and all of its sub-entities in the hierarchy.


+-----------------------------------------------------------------------------------------------------------------------------------------------------------------------------------------------------------------------------------------------------------------------------------------------------+
; Analysis & Synthesis RAM Summary                                                                                                                                                                                                                                                                    ;
+-------------------------------------------------------------------------------------------------------------------------------------------------------------------------------------------------+------+------------------+--------------+--------------+--------------+--------------+------+------+
; Name                                                                                                                                                                                            ; Type ; Mode             ; Port A Depth ; Port A Width ; Port B Depth ; Port B Width ; Size ; MIF  ;
+-------------------------------------------------------------------------------------------------------------------------------------------------------------------------------------------------+------+------------------+--------------+--------------+--------------+--------------+------+------+
; flash_read_ctrl:flash_read_ctrl_inst|fifo_data:fifo_data_inst|scfifo:scfifo_component|scfifo_bl21:auto_generated|a_dpfifo_ir21:dpfifo|dpram_4711:FIFOram|altsyncram_q0k1:altsyncram1|ALTSYNCRAM ; AUTO ; Simple Dual Port ; 256          ; 8            ; 256          ; 8            ; 2048 ; None ;
+-------------------------------------------------------------------------------------------------------------------------------------------------------------------------------------------------+------+------------------+--------------+--------------+--------------+--------------+------+------+


+-------------------------------------------------------------------------------------------------------------------------------------------------------------------------------------------------------------------------------+
; Analysis & Synthesis IP Cores Summary                                                                                                                                                                                         ;
+--------+--------------+---------+--------------+--------------+-------------------------------------------------------------------------------+-------------------------------------------------------------------------------+
; Vendor ; IP Core Name ; Version ; Release Date ; License Type ; Entity Instance                                                               ; IP Include File                                                               ;
+--------+--------------+---------+--------------+--------------+-------------------------------------------------------------------------------+-------------------------------------------------------------------------------+
; Altera ; FIFO         ; 13.0    ; N/A          ; N/A          ; |spi_flash_read|flash_read_ctrl:flash_read_ctrl_inst|fifo_data:fifo_data_inst ; C:/Users/Administrator/Desktop/spi_flash_read/quartus_prj/ip_core/fifo_data.v ;
+--------+--------------+---------+--------------+--------------+-------------------------------------------------------------------------------+-------------------------------------------------------------------------------+


Encoding Type:  One-Hot
+----------------------------------------------------------------------------+
; State Machine - |spi_flash_read|flash_read_ctrl:flash_read_ctrl_inst|state ;
+------------+------------+------------+-------------------------------------+
; Name       ; state.SEND ; state.READ ; state.IDLE                          ;
+------------+------------+------------+-------------------------------------+
; state.IDLE ; 0          ; 0          ; 0                                   ;
; state.READ ; 0          ; 1          ; 1                                   ;
; state.SEND ; 1          ; 0          ; 1                                   ;
+------------+------------+------------+-------------------------------------+


+---------------------------------------------------------------------------------------------------------------+
; Registers Removed During Synthesis                                                                            ;
+-------------------------------------------------+-------------------------------------------------------------+
; Register name                                   ; Reason for Removal                                          ;
+-------------------------------------------------+-------------------------------------------------------------+
; flash_read_ctrl:flash_read_ctrl_inst|cnt_sck[0] ; Merged with flash_read_ctrl:flash_read_ctrl_inst|cnt_clk[0] ;
; flash_read_ctrl:flash_read_ctrl_inst|cnt_sck[1] ; Merged with flash_read_ctrl:flash_read_ctrl_inst|cnt_clk[1] ;
; Total Number of Removed Registers = 2           ;                                                             ;
+-------------------------------------------------+-------------------------------------------------------------+


+------------------------------------------------------+
; General Register Statistics                          ;
+----------------------------------------------+-------+
; Statistic                                    ; Value ;
+----------------------------------------------+-------+
; Total registers                              ; 143   ;
; Number of registers using Synchronous Clear  ; 57    ;
; Number of registers using Synchronous Load   ; 0     ;
; Number of registers using Asynchronous Clear ; 117   ;
; Number of registers using Asynchronous Load  ; 0     ;
; Number of registers using Clock Enable       ; 64    ;
; Number of registers using Preset             ; 0     ;
+----------------------------------------------+-------+


+-----------------------------------------------------+
; Inverted Register Statistics                        ;
+-------------------------------------------+---------+
; Inverted Register                         ; Fan out ;
+-------------------------------------------+---------+
; flash_read_ctrl:flash_read_ctrl_inst|cs_n ; 2       ;
; uart_tx:uart_tx_inst|tx                   ; 2       ;
; Total number of inverted registers = 2    ;         ;
+-------------------------------------------+---------+


+---------------------------------------------------------------------------------------------------------------------------------------------------------------------------------+
; Multiplexer Restructuring Statistics (Restructuring Performed)                                                                                                                  ;
+--------------------+-----------+---------------+----------------------+------------------------+------------+-------------------------------------------------------------------+
; Multiplexer Inputs ; Bus Width ; Baseline Area ; Area if Restructured ; Saving if Restructured ; Registered ; Example Multiplexer Output                                        ;
+--------------------+-----------+---------------+----------------------+------------------------+------------+-------------------------------------------------------------------+
; 3:1                ; 16 bits   ; 32 LEs        ; 16 LEs               ; 16 LEs                 ; Yes        ; |spi_flash_read|flash_read_ctrl:flash_read_ctrl_inst|cnt_byte[12] ;
; 3:1                ; 16 bits   ; 32 LEs        ; 16 LEs               ; 16 LEs                 ; Yes        ; |spi_flash_read|flash_read_ctrl:flash_read_ctrl_inst|cnt_wait[6]  ;
; 3:1                ; 4 bits    ; 8 LEs         ; 4 LEs                ; 4 LEs                  ; Yes        ; |spi_flash_read|uart_tx:uart_tx_inst|bit_cnt[1]                   ;
; 3:1                ; 20 bits   ; 40 LEs        ; 20 LEs               ; 20 LEs                 ; Yes        ; |spi_flash_read|key_filter:key_filter_inst|cnt_20ms[10]           ;
; 6:1                ; 3 bits    ; 12 LEs        ; 6 LEs                ; 6 LEs                  ; No         ; |spi_flash_read|flash_read_ctrl:flash_read_ctrl_inst|Selector2    ;
+--------------------+-----------+---------------+----------------------+------------------------+------------+-------------------------------------------------------------------+


+-------------------------------------------------------------------------------------------------------------------------------------------------------------------------------------------------------------+
; Source assignments for flash_read_ctrl:flash_read_ctrl_inst|fifo_data:fifo_data_inst|scfifo:scfifo_component|scfifo_bl21:auto_generated|a_dpfifo_ir21:dpfifo|dpram_4711:FIFOram|altsyncram_q0k1:altsyncram1 ;
+---------------------------------+--------------------+------+-----------------------------------------------------------------------------------------------------------------------------------------------+
; Assignment                      ; Value              ; From ; To                                                                                                                                            ;
+---------------------------------+--------------------+------+-----------------------------------------------------------------------------------------------------------------------------------------------+
; OPTIMIZE_POWER_DURING_SYNTHESIS ; NORMAL_COMPILATION ; -    ; -                                                                                                                                             ;
+---------------------------------+--------------------+------+-----------------------------------------------------------------------------------------------------------------------------------------------+


+--------------------------------------------------------------------------------+
; Parameter Settings for User Entity Instance: Top-level Entity: |spi_flash_read ;
+----------------+----------------------------+----------------------------------+
; Parameter Name ; Value                      ; Type                             ;
+----------------+----------------------------+----------------------------------+
; CNT_MAX        ; 11110100001000111111       ; Unsigned Binary                  ;
; UART_BPS       ; 10010110000000             ; Unsigned Binary                  ;
; CLK_FREQ       ; 10111110101111000010000000 ; Unsigned Binary                  ;
+----------------+----------------------------+----------------------------------+
Note: In order to hide this table in the UI and the text report file, please set the "Show Parameter Settings in Synthesis Report" option in "Analysis and Synthesis Settings -> More Settings" to "Off".


+-------------------------------------------------------------------------+
; Parameter Settings for User Entity Instance: key_filter:key_filter_inst ;
+----------------+----------------------+---------------------------------+
; Parameter Name ; Value                ; Type                            ;
+----------------+----------------------+---------------------------------+
; CNT_MAX        ; 11110100001000111111 ; Unsigned Binary                 ;
+----------------+----------------------+---------------------------------+
Note: In order to hide this table in the UI and the text report file, please set the "Show Parameter Settings in Synthesis Report" option in "Analysis and Synthesis Settings -> More Settings" to "Off".


+-----------------------------------------------------------------------------------+
; Parameter Settings for User Entity Instance: flash_read_ctrl:flash_read_ctrl_inst ;
+----------------+------------------+-----------------------------------------------+
; Parameter Name ; Value            ; Type                                          ;
+----------------+------------------+-----------------------------------------------+
; IDLE           ; 001              ; Unsigned Binary                               ;
; READ           ; 010              ; Unsigned Binary                               ;
; SEND           ; 100              ; Unsigned Binary                               ;
; READ_INST      ; 00000011         ; Unsigned Binary                               ;
; NUM_DATA       ; 0000000001100100 ; Unsigned Binary                               ;
; SECTOR_ADDR    ; 00000000         ; Unsigned Binary                               ;
; PAGE_ADDR      ; 00000100         ; Unsigned Binary                               ;
; BYTE_ADDR      ; 00100101         ; Unsigned Binary                               ;
; CNT_WAIT_MAX   ; 1110101001100000 ; Unsigned Binary                               ;
+----------------+------------------+-----------------------------------------------+
Note: In order to hide this table in the UI and the text report file, please set the "Show Parameter Settings in Synthesis Report" option in "Analysis and Synthesis Settings -> More Settings" to "Off".


+------------------------------------------------------------------------------------------------------------------------------------+
; Parameter Settings for User Entity Instance: flash_read_ctrl:flash_read_ctrl_inst|fifo_data:fifo_data_inst|scfifo:scfifo_component ;
+-------------------------+--------------+-------------------------------------------------------------------------------------------+
; Parameter Name          ; Value        ; Type                                                                                      ;
+-------------------------+--------------+-------------------------------------------------------------------------------------------+
; AUTO_CARRY_CHAINS       ; ON           ; AUTO_CARRY                                                                                ;
; IGNORE_CARRY_BUFFERS    ; OFF          ; IGNORE_CARRY                                                                              ;
; AUTO_CASCADE_CHAINS     ; ON           ; AUTO_CASCADE                                                                              ;
; IGNORE_CASCADE_BUFFERS  ; OFF          ; IGNORE_CASCADE                                                                            ;
; lpm_width               ; 8            ; Signed Integer                                                                            ;
; LPM_NUMWORDS            ; 256          ; Signed Integer                                                                            ;
; LPM_WIDTHU              ; 8            ; Signed Integer                                                                            ;
; LPM_SHOWAHEAD           ; OFF          ; Untyped                                                                                   ;
; UNDERFLOW_CHECKING      ; ON           ; Untyped                                                                                   ;
; OVERFLOW_CHECKING       ; ON           ; Untyped                                                                                   ;
; ALLOW_RWCYCLE_WHEN_FULL ; OFF          ; Untyped                                                                                   ;
; ADD_RAM_OUTPUT_REGISTER ; OFF          ; Untyped                                                                                   ;
; ALMOST_FULL_VALUE       ; 0            ; Untyped                                                                                   ;
; ALMOST_EMPTY_VALUE      ; 0            ; Untyped                                                                                   ;
; USE_EAB                 ; ON           ; Untyped                                                                                   ;
; MAXIMIZE_SPEED          ; 5            ; Untyped                                                                                   ;
; DEVICE_FAMILY           ; Cyclone IV E ; Untyped                                                                                   ;
; OPTIMIZE_FOR_SPEED      ; 5            ; Untyped                                                                                   ;
; CBXI_PARAMETER          ; scfifo_bl21  ; Untyped                                                                                   ;
+-------------------------+--------------+-------------------------------------------------------------------------------------------+
Note: In order to hide this table in the UI and the text report file, please set the "Show Parameter Settings in Synthesis Report" option in "Analysis and Synthesis Settings -> More Settings" to "Off".


+-------------------------------------------------------------------+
; Parameter Settings for User Entity Instance: uart_tx:uart_tx_inst ;
+----------------+----------------------------+---------------------+
; Parameter Name ; Value                      ; Type                ;
+----------------+----------------------------+---------------------+
; UART_BPS       ; 10010110000000             ; Unsigned Binary     ;
; CLK_FREQ       ; 10111110101111000010000000 ; Unsigned Binary     ;
+----------------+----------------------------+---------------------+
Note: In order to hide this table in the UI and the text report file, please set the "Show Parameter Settings in Synthesis Report" option in "Analysis and Synthesis Settings -> More Settings" to "Off".


+--------------------------------------------------------------------------------------------------------------------+
; scfifo Parameter Settings by Entity Instance                                                                       ;
+----------------------------+---------------------------------------------------------------------------------------+
; Name                       ; Value                                                                                 ;
+----------------------------+---------------------------------------------------------------------------------------+
; Number of entity instances ; 1                                                                                     ;
; Entity Instance            ; flash_read_ctrl:flash_read_ctrl_inst|fifo_data:fifo_data_inst|scfifo:scfifo_component ;
;     -- FIFO Type           ; Single Clock                                                                          ;
;     -- lpm_width           ; 8                                                                                     ;
;     -- LPM_NUMWORDS        ; 256                                                                                   ;
;     -- LPM_SHOWAHEAD       ; OFF                                                                                   ;
;     -- USE_EAB             ; ON                                                                                    ;
+----------------------------+---------------------------------------------------------------------------------------+


+-------------------------------+
; Elapsed Time Per Partition    ;
+----------------+--------------+
; Partition Name ; Elapsed Time ;
+----------------+--------------+
; Top            ; 00:00:01     ;
+----------------+--------------+


+-------------------------------+
; Analysis & Synthesis Messages ;
+-------------------------------+
Info: *******************************************************************
Info: Running Quartus II 64-Bit Analysis & Synthesis
    Info: Version 13.1.0 Build 162 10/23/2013 SJ Full Version
    Info: Processing started: Tue Sep 03 18:05:18 2024
Info: Command: quartus_map --read_settings_files=on --write_settings_files=off spi_flash_read -c spi_flash_read
Info (11104): Parallel Compilation has detected 32 hyper-threaded processors. However, the extra hyper-threaded processors will not be used by default. Parallel Compilation will use 16 of the 16 physical processors detected instead.
Info (12021): Found 1 design units, including 1 entities, in source file /users/administrator/desktop/spi_flash_read/sim/tb_spi_flash_read.v
    Info (12023): Found entity 1: tb_spi_flash_read
Info (12021): Found 1 design units, including 1 entities, in source file /users/administrator/desktop/spi_flash_read/rtl/key_filter.v
    Info (12023): Found entity 1: key_filter
Info (12021): Found 1 design units, including 1 entities, in source file /users/administrator/desktop/spi_flash_read/rtl/uart_tx.v
    Info (12023): Found entity 1: uart_tx
Info (12021): Found 1 design units, including 1 entities, in source file /users/administrator/desktop/spi_flash_read/rtl/spi_flash_read.v
    Info (12023): Found entity 1: spi_flash_read
Info (12021): Found 1 design units, including 1 entities, in source file /users/administrator/desktop/spi_flash_read/rtl/flash_read_ctrl.v
    Info (12023): Found entity 1: flash_read_ctrl
Info (12021): Found 1 design units, including 1 entities, in source file ip_core/fifo_data.v
    Info (12023): Found entity 1: fifo_data
Info (12127): Elaborating entity "spi_flash_read" for the top level hierarchy
Info (12128): Elaborating entity "key_filter" for hierarchy "key_filter:key_filter_inst"
Info (12128): Elaborating entity "flash_read_ctrl" for hierarchy "flash_read_ctrl:flash_read_ctrl_inst"
Info (12128): Elaborating entity "fifo_data" for hierarchy "flash_read_ctrl:flash_read_ctrl_inst|fifo_data:fifo_data_inst"
Info (12128): Elaborating entity "scfifo" for hierarchy "flash_read_ctrl:flash_read_ctrl_inst|fifo_data:fifo_data_inst|scfifo:scfifo_component"
Info (12130): Elaborated megafunction instantiation "flash_read_ctrl:flash_read_ctrl_inst|fifo_data:fifo_data_inst|scfifo:scfifo_component"
Info (12133): Instantiated megafunction "flash_read_ctrl:flash_read_ctrl_inst|fifo_data:fifo_data_inst|scfifo:scfifo_component" with the following parameter:
    Info (12134): Parameter "add_ram_output_register" = "OFF"
    Info (12134): Parameter "intended_device_family" = "Cyclone IV E"
    Info (12134): Parameter "lpm_numwords" = "256"
    Info (12134): Parameter "lpm_showahead" = "OFF"
    Info (12134): Parameter "lpm_type" = "scfifo"
    Info (12134): Parameter "lpm_width" = "8"
    Info (12134): Parameter "lpm_widthu" = "8"
    Info (12134): Parameter "overflow_checking" = "ON"
    Info (12134): Parameter "underflow_checking" = "ON"
    Info (12134): Parameter "use_eab" = "ON"
Info (12021): Found 1 design units, including 1 entities, in source file db/scfifo_bl21.tdf
    Info (12023): Found entity 1: scfifo_bl21
Info (12128): Elaborating entity "scfifo_bl21" for hierarchy "flash_read_ctrl:flash_read_ctrl_inst|fifo_data:fifo_data_inst|scfifo:scfifo_component|scfifo_bl21:auto_generated"
Info (12021): Found 1 design units, including 1 entities, in source file db/a_dpfifo_ir21.tdf
    Info (12023): Found entity 1: a_dpfifo_ir21
Info (12128): Elaborating entity "a_dpfifo_ir21" for hierarchy "flash_read_ctrl:flash_read_ctrl_inst|fifo_data:fifo_data_inst|scfifo:scfifo_component|scfifo_bl21:auto_generated|a_dpfifo_ir21:dpfifo"
Info (12021): Found 1 design units, including 1 entities, in source file db/a_fefifo_08f.tdf
    Info (12023): Found entity 1: a_fefifo_08f
Info (12128): Elaborating entity "a_fefifo_08f" for hierarchy "flash_read_ctrl:flash_read_ctrl_inst|fifo_data:fifo_data_inst|scfifo:scfifo_component|scfifo_bl21:auto_generated|a_dpfifo_ir21:dpfifo|a_fefifo_08f:fifo_state"
Info (12021): Found 1 design units, including 1 entities, in source file db/cntr_fo7.tdf
    Info (12023): Found entity 1: cntr_fo7
Info (12128): Elaborating entity "cntr_fo7" for hierarchy "flash_read_ctrl:flash_read_ctrl_inst|fifo_data:fifo_data_inst|scfifo:scfifo_component|scfifo_bl21:auto_generated|a_dpfifo_ir21:dpfifo|a_fefifo_08f:fifo_state|cntr_fo7:count_usedw"
Info (12021): Found 1 design units, including 1 entities, in source file db/dpram_4711.tdf
    Info (12023): Found entity 1: dpram_4711
Info (12128): Elaborating entity "dpram_4711" for hierarchy "flash_read_ctrl:flash_read_ctrl_inst|fifo_data:fifo_data_inst|scfifo:scfifo_component|scfifo_bl21:auto_generated|a_dpfifo_ir21:dpfifo|dpram_4711:FIFOram"
Info (12021): Found 1 design units, including 1 entities, in source file db/altsyncram_q0k1.tdf
    Info (12023): Found entity 1: altsyncram_q0k1
Info (12128): Elaborating entity "altsyncram_q0k1" for hierarchy "flash_read_ctrl:flash_read_ctrl_inst|fifo_data:fifo_data_inst|scfifo:scfifo_component|scfifo_bl21:auto_generated|a_dpfifo_ir21:dpfifo|dpram_4711:FIFOram|altsyncram_q0k1:altsyncram1"
Info (12021): Found 1 design units, including 1 entities, in source file db/cntr_3ob.tdf
    Info (12023): Found entity 1: cntr_3ob
Info (12128): Elaborating entity "cntr_3ob" for hierarchy "flash_read_ctrl:flash_read_ctrl_inst|fifo_data:fifo_data_inst|scfifo:scfifo_component|scfifo_bl21:auto_generated|a_dpfifo_ir21:dpfifo|cntr_3ob:rd_ptr_count"
Info (12128): Elaborating entity "uart_tx" for hierarchy "uart_tx:uart_tx_inst"
Info (13000): Registers with preset signals will power-up high
Info (13003): DEV_CLRn pin will set, and not reset, register with preset signal due to NOT Gate Push-Back
Info (286030): Timing-Driven Synthesis is running
Info (16010): Generating hard_block partition "hard_block:auto_generated_inst"
    Info (16011): Adding 0 node(s), including 0 DDIO, 0 PLL, 0 transceiver and 0 LCELL
Info (21057): Implemented 237 device resources after synthesis - the final resource count might be different
    Info (21058): Implemented 4 input pins
    Info (21059): Implemented 4 output pins
    Info (21061): Implemented 221 logic cells
    Info (21064): Implemented 8 RAM segments
Info: Quartus II 64-Bit Analysis & Synthesis was successful. 0 errors, 0 warnings
    Info: Peak virtual memory: 4702 megabytes
    Info: Processing ended: Tue Sep 03 18:05:21 2024
    Info: Elapsed time: 00:00:03
    Info: Total CPU time (on all processors): 00:00:03


